

Microchip Technology PIC LITE Macro Assembler V1.31 build 56723 
                                                                                               Sat Jun 07 17:44:03 2014

Microchip Technology Omniscient Code Generator (Lite mode) build 56723
     1                           	processor	16LF1507
     2                           	opt	pw 120
     3                           	opt	lm
     4                           	psect	maintext,global,class=CODE,merge=1,split=1,delta=2
     5                           	psect	cinit,global,class=CODE,merge=1,delta=2
     6                           	psect	cstackCOMMON,global,class=COMMON,space=1,delta=1
     7                           	dabs	1,0x7E,2
     8  0000                     	;# 
     9  0001                     	;# 
    10  0002                     	;# 
    11  0003                     	;# 
    12  0004                     	;# 
    13  0005                     	;# 
    14  0006                     	;# 
    15  0007                     	;# 
    16  0008                     	;# 
    17  0009                     	;# 
    18  000A                     	;# 
    19  000B                     	;# 
    20  000C                     	;# 
    21  000D                     	;# 
    22  000E                     	;# 
    23  0011                     	;# 
    24  0012                     	;# 
    25  0013                     	;# 
    26  0015                     	;# 
    27  0016                     	;# 
    28  0016                     	;# 
    29  0017                     	;# 
    30  0018                     	;# 
    31  0019                     	;# 
    32  001A                     	;# 
    33  001B                     	;# 
    34  001C                     	;# 
    35  008C                     	;# 
    36  008D                     	;# 
    37  008E                     	;# 
    38  0091                     	;# 
    39  0092                     	;# 
    40  0093                     	;# 
    41  0095                     	;# 
    42  0096                     	;# 
    43  0097                     	;# 
    44  0099                     	;# 
    45  009A                     	;# 
    46  009B                     	;# 
    47  009B                     	;# 
    48  009C                     	;# 
    49  009D                     	;# 
    50  009E                     	;# 
    51  009F                     	;# 
    52  010C                     	;# 
    53  010D                     	;# 
    54  010E                     	;# 
    55  0116                     	;# 
    56  0117                     	;# 
    57  011D                     	;# 
    58  018C                     	;# 
    59  018D                     	;# 
    60  018E                     	;# 
    61  0191                     	;# 
    62  0191                     	;# 
    63  0192                     	;# 
    64  0193                     	;# 
    65  0193                     	;# 
    66  0194                     	;# 
    67  0195                     	;# 
    68  0196                     	;# 
    69  020C                     	;# 
    70  020D                     	;# 
    71  0391                     	;# 
    72  0392                     	;# 
    73  0393                     	;# 
    74  0394                     	;# 
    75  0395                     	;# 
    76  0396                     	;# 
    77  0498                     	;# 
    78  0498                     	;# 
    79  0499                     	;# 
    80  049A                     	;# 
    81  049B                     	;# 
    82  049B                     	;# 
    83  049C                     	;# 
    84  049E                     	;# 
    85  049F                     	;# 
    86  0611                     	;# 
    87  0612                     	;# 
    88  0613                     	;# 
    89  0613                     	;# 
    90  0614                     	;# 
    91  0615                     	;# 
    92  0616                     	;# 
    93  0616                     	;# 
    94  0617                     	;# 
    95  0618                     	;# 
    96  0619                     	;# 
    97  0619                     	;# 
    98  061A                     	;# 
    99  061B                     	;# 
   100  061C                     	;# 
   101  061C                     	;# 
   102  0691                     	;# 
   103  0692                     	;# 
   104  0693                     	;# 
   105  0694                     	;# 
   106  0695                     	;# 
   107  0F0F                     	;# 
   108  0F10                     	;# 
   109  0F11                     	;# 
   110  0F12                     	;# 
   111  0F13                     	;# 
   112  0F14                     	;# 
   113  0F15                     	;# 
   114  0F16                     	;# 
   115  0F17                     	;# 
   116  0F18                     	;# 
   117  0F19                     	;# 
   118  0F1A                     	;# 
   119  0F1B                     	;# 
   120  0F1C                     	;# 
   121  0F1D                     	;# 
   122  0F1E                     	;# 
   123  0F1F                     	;# 
   124  0FE3                     	;# 
   125  0FE4                     	;# 
   126  0FE5                     	;# 
   127  0FE6                     	;# 
   128  0FE7                     	;# 
   129  0FE8                     	;# 
   130  0FE9                     	;# 
   131  0FEA                     	;# 
   132  0FEB                     	;# 
   133  0FED                     	;# 
   134  0FEE                     	;# 
   135  0FEF                     	;# 
   136  0099                     _OSCCONbits	set	153
   137  008C                     _TRISA	set	140
   138  008E                     _TRISC	set	142
   139  010C                     _LATAbits	set	268
   140                           
   141                           	psect	maintext
   142  07CC                     __pmaintext:	
   143                           ; #config settings
   144                           
   145                           
   146                           ;psect for function _main
   147  0000                     
   148 ;;
   149 ;;Main: autosize = 0, tempsize = 2, incstack = 0, save=0
   150 ;;
   151 ;; *************** function _main *****************
   152 ;; Defined at:
   153 ;;		line 29 in file "Main.c"
   154 ;; Parameters:    Size  Location     Type
   155 ;;  argc            2    0[COMMON] int 
   156 ;;  argv            2    2[COMMON] PTR PTR unsigned char 
   157 ;; Auto vars:     Size  Location     Type
   158 ;;  i               2    8[COMMON] int 
   159 ;;  i               2    6[COMMON] int 
   160 ;; Return value:  Size  Location     Type
   161 ;;		None               void
   162 ;; Registers used:
   163 ;;		wreg, status,2, status,0, btemp+1
   164 ;; Tracked objects:
   165 ;;		On entry : 17F/0
   166 ;;		On exit  : 0/0
   167 ;;		Unchanged: 0/0
   168 ;; Data sizes:     COMMON   BANK0   BANK1
   169 ;;      Params:         4       0       0
   170 ;;      Locals:         4       0       0
   171 ;;      Temps:          2       0       0
   172 ;;      Totals:        10       0       0
   173 ;;Total ram usage:       10 bytes
   174 ;; This function calls:
   175 ;;		Nothing
   176 ;; This function is called by:
   177 ;;		Startup code after reset
   178 ;; This function uses a non-reentrant model
   179 ;;
   180  07CC                     _main:	
   181                           
   182                           ;Main.c: 30: int i = 2;
   183                           
   184                           ;incstack = 0
   185                           ; Regs used in _main: [wreg+status,2+status,0+btemp+1]
   186  07CC  3002               	movlw	2
   187  07CD  00F6               	movwf	main@i
   188  07CE  3000               	movlw	0
   189  07CF  00F7               	movwf	main@i+1
   190                           
   191                           ;Main.c: 31: TRISA = 0b00000000;
   192  07D0  0021               	movlb	1	; select bank1
   193  07D1  018C               	clrf	12	;volatile
   194                           
   195                           ;Main.c: 32: TRISC = 0b00000000;
   196  07D2  018E               	clrf	14	;volatile
   197                           
   198                           ;Main.c: 33: _delay((unsigned long)((10)*(16000000/4000.0)));
   199  07D3  3034               	movlw	52
   200  07D4  00F5               	movwf	??_main+1
   201  07D5  30F1               	movlw	241
   202  07D6  00F4               	movwf	??_main
   203  07D7                     u27:	
   204  07D7  0BF4               	decfsz	??_main,f
   205  07D8  2FD7               	goto	u27
   206  07D9  0BF5               	decfsz	??_main+1,f
   207  07DA  2FD7               	goto	u27
   208  07DB  3200               	nop2
   209                           
   210                           ;Main.c: 34: OSCCONbits.IRCF = 0b1111;
   211  07DC  3078               	movlw	120
   212  07DD  0021               	movlb	1	; select bank1
   213  07DE  0499               	iorwf	25,f	;volatile
   214  07DF                     l400:	
   215                           ;Main.c: 35: while(1){
   216                           
   217                           
   218                           ;Main.c: 36: int i = 2;
   219  07DF  3002               	movlw	2
   220  07E0  00F8               	movwf	main@i_79
   221  07E1  3000               	movlw	0
   222  07E2  00F9               	movwf	main@i_79+1
   223                           
   224                           ;Main.c: 37: int i = 2;
   225  07E3  3002               	movlw	2
   226  07E4  00F8               	movwf	main@i_79
   227  07E5  3000               	movlw	0
   228  07E6  00F9               	movwf	main@i_79+1
   229  07E7                     l406:	
   230                           ;Main.c: 39: while(i>1) {
   231                           
   232  07E7  0879               	movf	main@i_79+1,w
   233  07E8  3A80               	xorlw	128
   234  07E9  00FF               	movwf	127
   235  07EA  3080               	movlw	128
   236  07EB  027F               	subwf	127,w
   237  07EC  1D03               	skipz
   238  07ED  2FF0               	goto	u15
   239  07EE  3002               	movlw	2
   240  07EF  0278               	subwf	main@i_79,w
   241  07F0                     u15:	
   242  07F0  1C03               	btfss	3,0
   243  07F1  2FDF               	goto	l400
   244                           
   245                           ;Main.c: 41: LATAbits.LATA2 = 1;
   246  07F2  0022               	movlb	2	; select bank2
   247  07F3  150C               	bsf	12,2	;volatile
   248                           
   249                           ;Main.c: 42: LATAbits.LATA2 = 1;
   250  07F4  150C               	bsf	12,2	;volatile
   251                           
   252                           ;Main.c: 43: LATAbits.LATA2 = 0;
   253  07F5  110C               	bcf	12,2	;volatile
   254                           
   255                           ;Main.c: 44: LATAbits.LATA2 = 0;
   256  07F6  110C               	bcf	12,2	;volatile
   257                           
   258                           ;Main.c: 45: LATAbits.LATA2 = 0;
   259  07F7  110C               	bcf	12,2	;volatile
   260                           
   261                           ;Main.c: 46: LATAbits.LATA2 = 1;
   262  07F8  150C               	bsf	12,2	;volatile
   263                           
   264                           ;Main.c: 47: i++;
   265  07F9  3001               	movlw	1
   266  07FA  07F8               	addwf	main@i_79,f
   267  07FB  3000               	movlw	0
   268  07FC  3DF9               	addwfc	main@i_79+1,f
   269  07FD  2FE7               	goto	l406
   270  07FE                     __end_of_main:	
   271  007E                     btemp	set	126	;btemp
   272  007E                     wtemp	set	126
   273  007E                     wtemp0	set	126
   274  0080                     wtemp1	set	128
   275  0082                     wtemp2	set	130
   276  0084                     wtemp3	set	132
   277  0086                     wtemp4	set	134
   278  0088                     wtemp5	set	136
   279  007F                     wtemp6	set	127
   280  007E                     ttemp	set	126
   281  007E                     ttemp0	set	126
   282  0081                     ttemp1	set	129
   283  0084                     ttemp2	set	132
   284  0087                     ttemp3	set	135
   285  007F                     ttemp4	set	127
   286  007E                     ltemp	set	126
   287  007E                     ltemp0	set	126
   288  0082                     ltemp1	set	130
   289  0086                     ltemp2	set	134
   290  0080                     ltemp3	set	128
   291                           
   292                           	psect	cinit
   293  07FE                     start_initialization:	
   294  07FE                     __initialization:	
   295  07FE                     end_of_initialization:	
   296                           ;End of C runtime variable initialization code
   297                           
   298  07FE                     __end_of__initialization:	
   299  07FE  0020               	movlb	0
   300  07FF  2FCC               	ljmp	_main	;jump to C main() function
   301                           
   302                           	psect	cstackCOMMON
   303  0070                     __pcstackCOMMON:	
   304  0070                     ?_main:	
   305  0070                     main@argc:	
   306                           ; 0 bytes @ 0x0
   307                           
   308                           
   309                           ; 2 bytes @ 0x0
   310  0070                     	ds	2
   311  0072                     main@argv:	
   312                           
   313                           ; 2 bytes @ 0x2
   314  0072                     	ds	2
   315  0074                     ??_main:	
   316                           
   317                           ; 0 bytes @ 0x4
   318  0074                     	ds	2
   319  0076                     main@i:	
   320                           
   321                           ; 2 bytes @ 0x6
   322  0076                     	ds	2
   323  0078                     main@i_79:	
   324                           
   325                           ; 2 bytes @ 0x8
   326  0078                     	ds	2


Data Sizes:
    Strings     0
    Constant    0
    Data        0
    BSS         0
    Persistent  0
    Stack       0

Auto Spaces:
    Space          Size  Autos    Used
    COMMON           14     10      10
    BANK0            80      0       0
    BANK1            32      0       0

Pointer List with Targets:

    None.

Critical Paths under _main in COMMON

    None.

Critical Paths under _main in BANK0

    None.

Critical Paths under _main in BANK1

    None.

Call Graph Tables:

 ---------------------------------------------------------------------------------
 (Depth) Function   	        Calls       Base Space   Used Autos Params    Refs
 ---------------------------------------------------------------------------------
 (0) _main                                                10     6      4      15
                                              0 COMMON    10     6      4
 ---------------------------------------------------------------------------------
 Estimated maximum stack depth 0
 ---------------------------------------------------------------------------------

 Call Graph Graphs:

 _main (ROOT)

 Address spaces:
Name               Size   Autos  Total    Cost      Usage
BIGRAM              70      0       0       0        0.0%
NULL                 0      0       0       0        0.0%
CODE                 0      0       0       0        0.0%
BITCOMMON            E      0       0       1        0.0%
BITSFR0              0      0       0       1        0.0%
SFR0                 0      0       0       1        0.0%
COMMON               E      A       A       2       71.4%
BITSFR1              0      0       0       2        0.0%
SFR1                 0      0       0       2        0.0%
BITSFR2              0      0       0       3        0.0%
SFR2                 0      0       0       3        0.0%
STACK                0      0       0       3        0.0%
BITSFR3              0      0       0       4        0.0%
SFR3                 0      0       0       4        0.0%
ABS                  0      0       0       4        0.0%
BITBANK0            50      0       0       5        0.0%
BITSFR4              0      0       0       5        0.0%
SFR4                 0      0       0       5        0.0%
BANK0               50      0       0       6        0.0%
BITSFR5              0      0       0       6        0.0%
SFR5                 0      0       0       6        0.0%
BITBANK1            20      0       0       7        0.0%
BITSFR6              0      0       0       7        0.0%
SFR6                 0      0       0       7        0.0%
BANK1               20      0       0       8        0.0%
BITSFR7              0      0       0       8        0.0%
SFR7                 0      0       0       8        0.0%
BITSFR8              0      0       0       9        0.0%
SFR8                 0      0       0       9        0.0%
DATA                 0      0       0       9        0.0%
BITSFR9              0      0       0      10        0.0%
SFR9                 0      0       0      10        0.0%
BITSFR10             0      0       0      11        0.0%
SFR10                0      0       0      11        0.0%
BITSFR11             0      0       0      12        0.0%
SFR11                0      0       0      12        0.0%
BITSFR12             0      0       0      13        0.0%
SFR12                0      0       0      13        0.0%
BITSFR13             0      0       0      14        0.0%
SFR13                0      0       0      14        0.0%
BITSFR14             0      0       0      15        0.0%
SFR14                0      0       0      15        0.0%
BITSFR15             0      0       0      16        0.0%
SFR15                0      0       0      16        0.0%
BITSFR16             0      0       0      17        0.0%
SFR16                0      0       0      17        0.0%
BITSFR17             0      0       0      18        0.0%
SFR17                0      0       0      18        0.0%
BITSFR18             0      0       0      19        0.0%
SFR18                0      0       0      19        0.0%
BITSFR19             0      0       0      20        0.0%
SFR19                0      0       0      20        0.0%
BITSFR20             0      0       0      21        0.0%
SFR20                0      0       0      21        0.0%
BITSFR21             0      0       0      22        0.0%
SFR21                0      0       0      22        0.0%
BITSFR22             0      0       0      23        0.0%
SFR22                0      0       0      23        0.0%
BITSFR23             0      0       0      24        0.0%
SFR23                0      0       0      24        0.0%
BITSFR24             0      0       0      25        0.0%
SFR24                0      0       0      25        0.0%
BITSFR25             0      0       0      26        0.0%
SFR25                0      0       0      26        0.0%
BITSFR26             0      0       0      27        0.0%
SFR26                0      0       0      27        0.0%
BITSFR27             0      0       0      28        0.0%
SFR27                0      0       0      28        0.0%
BITSFR28             0      0       0      29        0.0%
SFR28                0      0       0      29        0.0%
BITSFR29             0      0       0      30        0.0%
SFR29                0      0       0      30        0.0%
BITSFR30             0      0       0      31        0.0%
SFR30                0      0       0      31        0.0%
BITSFR31             0      0       0      32        0.0%
SFR31                0      0       0      32        0.0%


Microchip Technology PIC Macro Assembler V1.31 build 56723 
Symbol Table                                                                                   Sat Jun 07 17:44:03 2014

            __CFG_CP$OFF 0000                       u15 07F0                       u27 07D7  
            __CFG_LVP$ON 0000                      l400 07DF                      l406 07E7  
           __CFG_BORV$LO 0000             __CFG_WRT$OFF 0000                     _main 07CC  
                   btemp 007E            __CFG_BOREN$ON 0000                     ltemp 007E  
                   start 0001                     ttemp 007E                     wtemp 007E  
          __CFG_MCLRE$ON 0000                    ?_main 0070            __CFG_WDTE$OFF 0000  
                  _TRISA 008C                    _TRISC 008E                    main@i 0076  
                  ltemp0 007E                    ltemp1 0082                    ltemp2 0086  
                  ltemp3 0080                    ttemp0 007E                    ttemp1 0081  
                  ttemp2 0084                    ttemp3 0087                    ttemp4 007F  
                  wtemp0 007E                    wtemp1 0080                    wtemp2 0082  
                  wtemp3 0084                    wtemp4 0086                    wtemp5 0088  
                  wtemp6 007F          __initialization 07FE             __end_of_main 07FE  
         __CFG_LPBOR$OFF 0000                   ??_main 0074           __CFG_PWRTE$OFF 0000  
         __CFG_STVREN$ON 0000  __end_of__initialization 07FE           __pcstackCOMMON 0070  
             __pmaintext 07CC     end_of_initialization 07FE         __CFG_CLKOUTEN$ON 0000  
       __CFG_FOSC$INTOSC 0000      start_initialization 07FE                ___latbits 0000  
               _LATAbits 010C            __size_of_main 0032                 main@i_79 0078  
               main@argc 0070                 main@argv 0072               _OSCCONbits 0099  
